<?xml version="1.0" encoding="UTF-8"?>
<!-- Generated by org.testng.reporters.JUnitReportReporter -->
<testsuite skipped="0" hostname="LAPTOP-RSD3KNP9" name="blablacarB13.tests.profile.personalInfo.car.AddNewCar" tests="1" failures="0" timestamp="06 Feb 2018 03:49:02 GMT" time="111.909" errors="0">
  <testcase name="addNewCarValidDetails" time="111.909" classname="blablacarB13.tests.profile.personalInfo.car.AddNewCar"/>
</testsuite> <!-- blablacarB13.tests.profile.personalInfo.car.AddNewCar -->
