<?xml version="1.0" encoding="UTF-8"?>
<!-- Generated by org.testng.reporters.JUnitReportReporter -->
<testsuite skipped="0" hostname="LAPTOP-RSD3KNP9" name="blablacarB13.tests.common.LoginFeature" tests="3" failures="0" timestamp="14 Jan 2018 17:19:09 GMT" time="63.844" errors="0">
  <testcase name="logInwithFacebookValidDetails" time="20.347" classname="blablacarB13.tests.common.LoginFeature"/>
  <testcase name="logInwithUserDetails" time="21.095" classname="blablacarB13.tests.common.LoginFeature"/>
  <testcase name="logInwithFacebookInvalidDetails" time="22.402" classname="blablacarB13.tests.common.LoginFeature"/>
</testsuite> <!-- blablacarB13.tests.common.LoginFeature -->
