<?xml version="1.0" encoding="UTF-8"?>
<!-- Generated by org.testng.reporters.JUnitReportReporter -->
<testsuite skipped="0" hostname="LAPTOP-RSD3KNP9" name="blablacarB13.tests.profile.personalInfo.VerifyPersonalInfoPageDetails" tests="1" failures="0" timestamp="14 Jan 2018 17:19:09 GMT" time="34.568" errors="0">
  <testcase name="testPersonalInfoUI" time="34.568" classname="blablacarB13.tests.profile.personalInfo.VerifyPersonalInfoPageDetails"/>
</testsuite> <!-- blablacarB13.tests.profile.personalInfo.VerifyPersonalInfoPageDetails -->
